<?xml version="1.0" encoding="UTF-8"?>
<testsuite name="TwoferTest" tests="3" skipped="2" failures="0" errors="0" timestamp="2023-10-07T08:04:18" hostname="DESKTOP-9NBA0UR" time="0.129">
  <properties/>
  <testcase name="noNameGiven" classname="TwoferTest" time="0.126"/>
  <testcase name="aNameGiven" classname="TwoferTest" time="0.0">
    <skipped/>
  </testcase>
  <testcase name="anotherNameGiven" classname="TwoferTest" time="0.0">
    <skipped/>
  </testcase>
  <system-out><![CDATA[]]></system-out>
  <system-err><![CDATA[]]></system-err>
</testsuite>
